03022024	39:26:15	5ac34053-fb01-4ffd-94ab-00c5319c402c	ReferenceError: createHttpError is not defined	PUT	/updateUser	http://localhost:5173
03022024	18:30:15	b73dd3bf-2a42-4ade-bfc0-02711c1d6ff1	UnauthorizedError: Access denied, no token provided	PUT	/updateUser	http://localhost:5173
03022024	53:19:23	ffed0987-0bb5-463a-9485-f51cbcf16c6a	SyntaxError: Unexpected number in JSON at position 11	POST	/	undefined
03022024	47:25:23	0215993b-1a95-4e1e-a218-401f1e1b63c2	SyntaxError: Unexpected number in JSON at position 11	POST	/	undefined
03022024	00:28:23	280bd0f9-18ce-4c1a-83e7-964bd1a7d052	SyntaxError: Unexpected number in JSON at position 11	POST	/	undefined
03022024	01:32:23	360299e1-8c96-42b3-85a1-f5420f0c2ce0	SyntaxError: Unexpected number in JSON at position 11	POST	/	undefined
03022024	05:34:23	39d969c9-6bf3-46fe-a2f8-dbff5b6635da	SyntaxError: Unexpected number in JSON at position 11	POST	/	undefined
03022024	48:34:23	a4c0a3b3-b92f-49c3-b7c7-687b140bf05e	SyntaxError: Unexpected number in JSON at position 11	POST	/	undefined
03022024	04:35:23	cfb488a3-8579-4dae-add1-b1cc23cd974f	SyntaxError: Unexpected number in JSON at position 11	GET	/	undefined
03022024	26:35:23	947a6578-6e45-4f28-8f0f-0ce21b853f08	SyntaxError: Unexpected number in JSON at position 11	POST	//	undefined
03022024	30:35:23	f7ef3500-2f62-42cd-a2e5-3d8eb2fe015c	SyntaxError: Unexpected number in JSON at position 11	POST	/	undefined
03022024	48:35:23	4a8137f0-218b-4d57-a956-625a7ad04b9c	SyntaxError: Unexpected number in JSON at position 11	POST	/	undefined
03022024	48:35:23	85cdeb15-b778-4b70-9bc4-0431d06ab2b8	SyntaxError: Unexpected number in JSON at position 11	POST	/	undefined
03022024	49:35:23	7fe905ae-7b2f-4716-b9f2-ebfc95e9fe8c	SyntaxError: Unexpected number in JSON at position 11	POST	/	undefined
03022024	49:35:23	34071f78-c85d-4954-bc12-983432084f3d	SyntaxError: Unexpected number in JSON at position 11	POST	/	undefined
03022024	50:35:23	89345fad-51f0-4e04-9521-6c714d59ef2b	SyntaxError: Unexpected number in JSON at position 11	POST	/	undefined
03022024	50:35:23	42d2666b-5b60-4d16-9bb4-d14050fe6860	SyntaxError: Unexpected number in JSON at position 11	POST	/	undefined
03022024	51:35:23	700394f3-4575-4d66-8256-8a497e811713	SyntaxError: Unexpected number in JSON at position 11	POST	/	undefined
03022024	51:35:23	0d582819-2b24-4fc4-8526-9333d0db0d84	SyntaxError: Unexpected number in JSON at position 11	POST	/	undefined
03022024	51:35:23	da230e6c-409e-4274-a0b2-92ba5ac677af	SyntaxError: Unexpected number in JSON at position 11	POST	/	undefined
03022024	51:35:23	3e186459-070c-4783-ba8e-567830729d78	SyntaxError: Unexpected number in JSON at position 11	POST	/	undefined
03022024	52:35:23	dfc8d31b-e7c0-437e-8bb0-fda334492975	SyntaxError: Unexpected number in JSON at position 11	POST	/	undefined
03022024	52:35:23	851c4249-f654-41ab-ad1c-a93fc258edfa	SyntaxError: Unexpected number in JSON at position 11	POST	/	undefined
03022024	52:35:23	87025a2e-2875-484a-99d6-aa582d8348e3	SyntaxError: Unexpected number in JSON at position 11	POST	/	undefined
03022024	52:35:23	af1502c7-6842-4684-847b-218987855a4d	SyntaxError: Unexpected number in JSON at position 11	POST	/	undefined
03022024	52:35:23	28c171aa-1dfc-4dde-ad7a-32ab4f799233	SyntaxError: Unexpected number in JSON at position 11	POST	/	undefined
03022024	53:35:23	5ed4c498-a305-4f76-9bf5-687d5205f54d	SyntaxError: Unexpected number in JSON at position 11	POST	/	undefined
03022024	53:35:23	7a42041e-8a8a-4827-84e8-8275ce87b865	SyntaxError: Unexpected number in JSON at position 11	POST	/	undefined
03022024	53:35:23	63fc174e-dbda-4ab5-9c6b-ea622761d548	SyntaxError: Unexpected number in JSON at position 11	POST	/	undefined
03022024	53:35:23	faed44b7-551f-4b0c-a24c-f708c295fa9f	SyntaxError: Unexpected number in JSON at position 11	POST	/	undefined
03022024	53:35:23	9668fd75-3ede-43a6-a478-27648a17b14b	SyntaxError: Unexpected number in JSON at position 11	POST	/	undefined
03022024	54:35:23	8843ba7a-2481-42a3-a749-11e37b82b4bd	SyntaxError: Unexpected number in JSON at position 11	POST	/	undefined
03022024	54:35:23	7d03cc6d-4804-4d3c-bbe5-05ea0027f42f	SyntaxError: Unexpected number in JSON at position 11	POST	/	undefined
03022024	54:35:23	634013ea-2bbe-46fd-b775-6336c95b81b0	SyntaxError: Unexpected number in JSON at position 11	POST	/	undefined
03022024	54:35:23	a85cc911-afc4-4b3c-b1f4-beaf5a0dffee	SyntaxError: Unexpected number in JSON at position 11	POST	/	undefined
03022024	54:35:23	01fddd50-08bc-4552-b94d-7c1135c78c5a	SyntaxError: Unexpected number in JSON at position 11	POST	/	undefined
03022024	54:35:23	6bcfd1a8-e0e6-466d-943e-cac09a837af5	SyntaxError: Unexpected number in JSON at position 11	POST	/	undefined
03022024	55:35:23	ad522ede-8754-4ac6-afc2-43de4a180a30	SyntaxError: Unexpected number in JSON at position 11	POST	/	undefined
03022024	55:35:23	b140e438-8169-4163-8132-0cdeb4bf0416	SyntaxError: Unexpected number in JSON at position 11	POST	/	undefined
03022024	55:35:23	f6999774-1973-496d-bd80-4e99e7dde814	SyntaxError: Unexpected number in JSON at position 11	POST	/	undefined
03022024	55:35:23	6141089a-4c97-429c-9d0d-0815e0743c47	SyntaxError: Unexpected number in JSON at position 11	POST	/	undefined
03022024	55:35:23	5a4e6cde-4f30-402b-a5b1-b705ef620234	SyntaxError: Unexpected number in JSON at position 11	POST	/	undefined
03022024	56:35:23	c33abddc-50c6-44f0-9717-493fcb04fea2	SyntaxError: Unexpected number in JSON at position 11	POST	/	undefined
04022024	42:15:00	73e08ce6-0dd4-43b6-ba60-54ea00646bd3	SyntaxError: Unexpected number in JSON at position 11	GET	/	undefined
12022024	53:24:17	a32605a2-9ba2-485c-92c7-ca62c2feacab	SyntaxError: Unexpected token / in JSON at position 58	GET	/ocb/getAcceptedFormsHistory	undefined
12022024	24:25:17	2178aa88-c8ca-41a4-b60a-a5655e86ad68	SyntaxError: Unexpected token / in JSON at position 58	GET	/ocb/getAcceptedFormsHistory	undefined
